<?xml version="1.0" encoding="UTF-8"?>
<!-- Generated by org.testng.reporters.JUnitReportReporter -->
<testsuite skipped="0" hostname="VishalKumar-Ja" name="com.qa.rest.tests.GETCallBDD" tests="1" failures="0" timestamp="08 May 2020 13:14:39 GMT" time="3.148" errors="0">
  <testcase name="test_numberOfCircuitsFor2017_Seacson" time="3.148" classname="com.qa.rest.tests.GETCallBDD"/>
</testsuite> <!-- com.qa.rest.tests.GETCallBDD -->
